# JRE version: OpenJDK Runtime Environment Temurin-21.0.4+7 (21.0.4+7) (build 21.0.4+7-LTS)
# Java VM: OpenJDK 64-Bit Server VM Temurin-21.0.4+7 (21.0.4+7-LTS, mixed mode, emulated-client, sharing, tiered, compressed oops, compressed class ptrs, g1 gc, linux-amd64)
GC Precious Log:
 CardTable entry size: 512
 Card Set container configuration: InlinePtr #cards 4 size 8 Array Of Cards #cards 16 size 48 Howl #buckets 8 coarsen threshold 3686 Howl Bitmap #cards 512 size 80 coarsen threshold 460 Card regions per heap region 1 cards per card region 4096
 CPUs: 8 total, 8 available
 Memory: 15845M
 Large Page Support: Disabled
 NUMA Support: Disabled
 Compressed Oops: Enabled (Zero based)
 Heap Region Size: 2M
 Heap Min Capacity: 8M
 Heap Initial Capacity: 248M
 Heap Max Capacity: 3962M
 Pre-touch: Disabled
 Parallel Workers: 8
 Concurrent Workers: 2
 Concurrent Refinement Workers: 8
 Periodic GC: Disabled
Heap:
 garbage-first heap   total 92160K, used 79735K [0x0000000708600000, 0x0000000800000000)
  region size 2048K, 21 young (43008K), 2 survivors (4096K)
 Metaspace       used 64745K, committed 65472K, reserved 1114112K
  class space    used 8741K, committed 9088K, reserved 1048576K
GC Heap History (20 events):
Event: 6.930 GC heap after
{Heap after GC invocations=10 (full 0):
 garbage-first heap   total 92160K, used 32330K [0x0000000708600000, 0x0000000800000000)
  region size 2048K, 3 young (6144K), 3 survivors (6144K)
 Metaspace       used 35453K, committed 36096K, reserved 1114112K
  class space    used 4768K, committed 5056K, reserved 1048576K
}
Event: 7.708 GC heap before
{Heap before GC invocations=11 (full 0):
 garbage-first heap   total 92160K, used 75338K [0x0000000708600000, 0x0000000800000000)
  region size 2048K, 24 young (49152K), 3 survivors (6144K)
 Metaspace       used 40169K, committed 40960K, reserved 1114112K
  class space    used 5515K, committed 5888K, reserved 1048576K
}
Event: 7.715 GC heap after
{Heap after GC invocations=12 (full 0):
 garbage-first heap   total 92160K, used 35299K [0x0000000708600000, 0x0000000800000000)
  region size 2048K, 3 young (6144K), 3 survivors (6144K)
 Metaspace       used 40169K, committed 40960K, reserved 1114112K
  class space    used 5515K, committed 5888K, reserved 1048576K
}
Event: 339.576 GC heap before
{Heap before GC invocations=12 (full 0):
 garbage-first heap   total 92160K, used 74211K [0x0000000708600000, 0x0000000800000000)
  region size 2048K, 22 young (45056K), 3 survivors (6144K)
 Metaspace       used 44516K, committed 45248K, reserved 1114112K
  class space    used 6160K, committed 6464K, reserved 1048576K
}
Event: 339.599 GC heap after
{Heap after GC invocations=13 (full 0):
 garbage-first heap   total 92160K, used 37461K [0x0000000708600000, 0x0000000800000000)
  region size 2048K, 2 young (4096K), 2 survivors (4096K)
 Metaspace       used 44516K, committed 45248K, reserved 1114112K
  class space    used 6160K, committed 6464K, reserved 1048576K
}
Event: 1533.003 GC heap before
{Heap before GC invocations=13 (full 0):
 garbage-first heap   total 92160K, used 76373K [0x0000000708600000, 0x0000000800000000)
  region size 2048K, 21 young (43008K), 2 survivors (4096K)
 Metaspace       used 44517K, committed 45248K, reserved 1114112K
  class space    used 6160K, committed 6464K, reserved 1048576K
}
Event: 1533.008 GC heap after
{Heap after GC invocations=14 (full 0):
 garbage-first heap   total 92160K, used 37460K [0x0000000708600000, 0x0000000800000000)
  region size 2048K, 2 young (4096K), 2 survivors (4096K)
 Metaspace       used 44517K, committed 45248K, reserved 1114112K
  class space    used 6160K, committed 6464K, reserved 1048576K
}
Event: 2768.963 GC heap before
{Heap before GC invocations=14 (full 0):
 garbage-first heap   total 92160K, used 76372K [0x0000000708600000, 0x0000000800000000)
  region size 2048K, 22 young (45056K), 2 survivors (4096K)
 Metaspace       used 44521K, committed 45312K, reserved 1114112K
  class space    used 6161K, committed 6464K, reserved 1048576K
}
Event: 2768.975 GC heap after
{Heap after GC invocations=15 (full 0):
 garbage-first heap   total 92160K, used 37449K [0x0000000708600000, 0x0000000800000000)
  region size 2048K, 2 young (4096K), 2 survivors (4096K)
 Metaspace       used 44521K, committed 45312K, reserved 1114112K
  class space    used 6161K, committed 6464K, reserved 1048576K
}
Event: 4028.711 GC heap before
{Heap before GC invocations=15 (full 0):
 garbage-first heap   total 92160K, used 78409K [0x0000000708600000, 0x0000000800000000)
  region size 2048K, 22 young (45056K), 2 survivors (4096K)
 Metaspace       used 44527K, committed 45312K, reserved 1114112K
  class space    used 6162K, committed 6464K, reserved 1048576K
}
Event: 4028.719 GC heap after
{Heap after GC invocations=16 (full 0):
 garbage-first heap   total 92160K, used 37330K [0x0000000708600000, 0x0000000800000000)
  region size 2048K, 2 young (4096K), 2 survivors (4096K)
 Metaspace       used 44527K, committed 45312K, reserved 1114112K
  class space    used 6162K, committed 6464K, reserved 1048576K
}
Event: 5301.488 GC heap before
{Heap before GC invocations=16 (full 0):
 garbage-first heap   total 92160K, used 78290K [0x0000000708600000, 0x0000000800000000)
  region size 2048K, 22 young (45056K), 2 survivors (4096K)
 Metaspace       used 44528K, committed 45312K, reserved 1114112K
  class space    used 6163K, committed 6464K, reserved 1048576K
}
Event: 5301.495 GC heap after
{Heap after GC invocations=17 (full 0):
 garbage-first heap   total 92160K, used 37322K [0x0000000708600000, 0x0000000800000000)
  region size 2048K, 2 young (4096K), 2 survivors (4096K)
 Metaspace       used 44528K, committed 45312K, reserved 1114112K
  class space    used 6163K, committed 6464K, reserved 1048576K
}
Event: 5791.470 GC heap before
{Heap before GC invocations=17 (full 0):
 garbage-first heap   total 92160K, used 76234K [0x0000000708600000, 0x0000000800000000)
  region size 2048K, 22 young (45056K), 2 survivors (4096K)
 Metaspace       used 50132K, committed 50944K, reserved 1114112K
  class space    used 6926K, committed 7296K, reserved 1048576K
}
Event: 5791.473 GC heap after
{Heap after GC invocations=18 (full 0):
 garbage-first heap   total 92160K, used 38652K [0x0000000708600000, 0x0000000800000000)
  region size 2048K, 2 young (4096K), 2 survivors (4096K)
 Metaspace       used 50132K, committed 50944K, reserved 1114112K
  class space    used 6926K, committed 7296K, reserved 1048576K
}
Event: 5792.119 GC heap before
{Heap before GC invocations=18 (full 0):
 garbage-first heap   total 92160K, used 79612K [0x0000000708600000, 0x0000000800000000)
  region size 2048K, 22 young (45056K), 2 survivors (4096K)
 Metaspace       used 58803K, committed 59648K, reserved 1114112K
  class space    used 7984K, committed 8384K, reserved 1048576K
}
Event: 5792.126 GC heap after
{Heap after GC invocations=19 (full 0):
 garbage-first heap   total 92160K, used 40400K [0x0000000708600000, 0x0000000800000000)
  region size 2048K, 2 young (4096K), 2 survivors (4096K)
 Metaspace       used 58803K, committed 59648K, reserved 1114112K
  class space    used 7984K, committed 8384K, reserved 1048576K
}
Event: 5802.308 GC heap before
{Heap before GC invocations=19 (full 0):
 garbage-first heap   total 92160K, used 46544K [0x0000000708600000, 0x0000000800000000)
  region size 2048K, 6 young (12288K), 2 survivors (4096K)
 Metaspace       used 60069K, committed 60928K, reserved 1114112K
  class space    used 8133K, committed 8512K, reserved 1048576K
}
Event: 5802.311 GC heap after
{Heap after GC invocations=20 (full 0):
 garbage-first heap   total 92160K, used 40823K [0x0000000708600000, 0x0000000800000000)
  region size 2048K, 2 young (4096K), 2 survivors (4096K)
 Metaspace       used 60069K, committed 60928K, reserved 1114112K
  class space    used 8133K, committed 8512K, reserved 1048576K
}
Event: 6117.198 GC heap before
{Heap before GC invocations=21 (full 0):
 garbage-first heap   total 92160K, used 77687K [0x0000000708600000, 0x0000000800000000)
  region size 2048K, 21 young (43008K), 2 survivors (4096K)
 Metaspace       used 64745K, committed 65472K, reserved 1114112K
  class space    used 8741K, committed 9088K, reserved 1048576K
}

